make all --print-data-base --no-builtin-variables --no-builtin-rules --question
# GNU Make 3.81
# Copyright (C) 2006  Free Software Foundation, Inc.
# This is free software; see the source for copying conditions.
# There is NO warranty; not even for MERCHANTABILITY or FITNESS FOR A
# PARTICULAR PURPOSE.

# This program built for i386-apple-darwin11.3.0
 

# Make data base, printed on Mon Feb 13 13:03:58 2023

# Variables

# automatic
<D = $(patsubst %/,%,$(dir $<))
# automatic
?F = $(notdir $?)
# makefile (from `Makefile', line 35)
OBJ = ${SRC:.c=.o}
# makefile (from `Makefile', line 27)
SOURCES_LIST = parsing.c main.c lodev.c drawing.c hooks.c helper.c minimap.c
# makefile (from `Makefile', line 33)
SRC = $(addprefix $(SOURCES_DIRECTORY), $(SOURCES_LIST))
# automatic
?D = $(patsubst %/,%,$(dir $?))
# automatic
@D = $(patsubst %/,%,$(dir $@))
# automatic
@F = $(notdir $@)
# makefile
CURDIR := /Users/ssabbaji/Desktop/cub3d
# makefile
SHELL = /bin/sh
# environment
VSCODE_NLS_CONFIG = {"locale":"en-us","availableLanguages":{},"_languagePackSupport":true}
# environment
_ = /usr/bin/make
 
# makefile (from `Makefile', line 1)
MAKEFILE_LIST :=  Makefile
# environment
VSCODE_CWD = /
# environment
Apple_PubSub_Socket_Render = /private/tmp/com.apple.launchd.siLfXbx9HH/Render
# environment
PATH = /Users/ssabbaji/.brew/bin:/Users/ssabbaji/.brew/bin:/Users/ssabbaji/.brew/bin:/usr/local/bin/python3:/goinfre/ssabbaji/brew/bin:/goinfre/ssabbaji/.brew/bin:/Users/ssabbaji/brew/bin:/Users/ssabbaji/brew/bin:/Users/ssabbaji/.brew/bin:/Users/ssabbaji/.brew/bin:/usr/local/bin:/usr/bin:/bin:/usr/sbin:/sbin:/usr/local/munki:/Library/Frameworks/Mono.framework/Versions/Current/Commands:/Applications/Visual Studio Code.app/Contents/Resources/app/bin:/Users/ssabbaji/myapps/flutter/bin:/Users/ssabbaji/.gem/ruby/2.6.0/bin
# environment
LSCOLORS = Gxfxcxdxbxegedabagacad
# environment
ELECTRON_RUN_AS_NODE = 1
# default
.FEATURES := target-specific order-only second-expansion else-if archives jobserver check-symlink
# makefile (from `Makefile', line 30)
PURPLE = "\x1b[35m"
# makefile (from `Makefile', line 22)
MINILIBX = $(MINILIBX_DIRECTORY)libmlx42.a
# environment
SSH_AUTH_SOCK = /private/tmp/com.apple.launchd.It3dUdqyaw/Listeners
# automatic
%F = $(notdir $%)
# environment
HOMEBREW_TEMP = /tmp/ssabbaji/Homebrew/Temp
# makefile (from `Makefile', line 26)
SOURCES_DIRECTORY = ./sources/
# environment
PWD = /Users/ssabbaji/Desktop/cub3d
# environment
ORIGINAL_XDG_CURRENT_DESKTOP = undefined
# makefile (from `Makefile', line 29)
GREEN = "\033[1;32m"
# environment
VSCODE_AMD_ENTRYPOINT = vs/workbench/api/node/extensionHostProcess
# environment
HOME = /Users/ssabbaji
# default
MAKEFILEPATH := /Applications/Xcode.app/Contents/Developer/Makefiles
# environment
VSCODE_CODE_CACHE_PATH = /Users/ssabbaji/Library/Application Support/Code/CachedData/e2816fe719a4026ffa1ee0189dc89bdfdbafb164
# environment
LOGNAME = ssabbaji
# environment
APPLICATION_INSIGHTS_NO_DIAGNOSTIC_CHANNEL = 1
# environment
ZSH = /Users/ssabbaji/.oh-my-zsh
# environment
VSCODE_HANDLES_UNCAUGHT_ERRORS = true
# automatic
^D = $(patsubst %/,%,$(dir $^))
# makefile (from `Makefile', line 24)
MINILIBX_HEADERS = $(MINILIBX_DIRECTORY)
# environment
XPC_FLAGS = 0x0
# default
MAKE = $(MAKE_COMMAND)
# default
MAKECMDGOALS := all
# environment
HOMEBREW_CACHE = /tmp/ssabbaji/Homebrew/Caches
# environment
SHLVL = 1
# makefile (from `Makefile', line 14)
CC = gcc
# makefile (from `Makefile', line 23)
MINILIBX_DIRECTORY = ./MLX42/
# default
MAKE_VERSION := 3.81
# environment
USER = ssabbaji
# makefile
.DEFAULT_GOAL := all
# makefile (from `Makefile', line 13)
NAME = map
# environment
LESS = -R
# automatic
%D = $(patsubst %/,%,$(dir $%))
# default
MAKE_COMMAND := /Applications/Xcode.app/Contents/Developer/usr/bin/make
# default
.VARIABLES := 
# environment
TMPDIR = /var/folders/zz/zyxvpxvq6csfxvn_n000cfk80033mk/T/
# automatic
*F = $(notdir $*)
# environment
VSCODE_IPC_HOOK = /Users/ssabbaji/Library/Application Support/Code/1.75.0-main.sock
# environment
MallocNanoZone = 0
# makefile (from `Makefile', line 31)
RED = "\033[0;31m"
# makefile
MAKEFLAGS = Rrqp
# environment
MFLAGS = -Rrqp
# automatic
*D = $(patsubst %/,%,$(dir $*))
# environment
XPC_SERVICE_NAME = com.microsoft.VSCode.1388
# automatic
+D = $(patsubst %/,%,$(dir $+))
# automatic
+F = $(notdir $+)
# environment
__CF_USER_TEXT_ENCODING = 0x18E92:0x0:0x0
# default
MAKEFILES := 
# environment
HOMEBREW_NO_AUTO_UPDATE = 1
# automatic
<F = $(notdir $<)
# environment
PAGER = less
# environment
LC_ALL = C
# makefile (from `Makefile', line 18)
LIBRARIES = -I include -lglfw -L "/Users/makacem/goinfre/homebrew/Cellar/glfw/3.3.8/lib"
# automatic
^F = $(notdir $^)
# default
SUFFIXES := 
# makefile (from `Makefile', line 15)
FLAGS = -Werror -Wextra -Wall -g
# default
.INCLUDE_DIRS = /usr/local/include
# environment
MAKELEVEL := 0
# environment
LANG = C
# environment
VSCODE_PID = 68731
# variable set hash-table stats:
# Load=78/1024=8%, Rehash=0, Collisions=4/118=3%

# Pattern-specific Variable Values

# No pattern-specific variable values.

# Directories

# . (device 16777227, inode 4145108): 12 files, no impossibilities.
# sources (device 16777227, inode 4145121): 16 files, no impossibilities so far.
# includes (device 16777227, inode 4145118): 3 files, no impossibilities so far.

# 31 files, no impossibilities in 3 directories.

# Implicit Rules

%.o: %.c ./includes/minimap.h
#  commands to execute (from `Makefile', line 38):
	$(CC) $(FLAGS) -o $@ -c $< 
	

# 1 implicit rules, 0 (0.0%) terminal.

# Files

all: map
#  Command-line target.
#  Implicit rule search has been done.
#  File does not exist.
#  File has been updated.
#  Needs to be updated (-q is set).
# variable set hash-table stats:
# Load=0/32=0%, Rehash=0, Collisions=0/4=0%

# Not a target:
sources/helper.c:
#  Implicit rule search has been done.
#  Last modified 2023-02-11 15:17:37
#  File has been updated.
#  Successfully updated.
# variable set hash-table stats:
# Load=0/32=0%, Rehash=0, Collisions=0/0=0%

MLX42/libmlx42.a:
#  Implicit rule search has not been done.
#  Last modified 2023-02-13 13:03:55
#  File has been updated.
#  Successfully updated.
#  commands to execute (from `Makefile', line 47):
	@make -C $(MINILIBX_DIRECTORY)
	

# Not a target:
.SUFFIXES:
#  Implicit rule search has not been done.
#  Modification time never checked.
#  File has not been updated.

# Not a target:
Makefile:
#  Implicit rule search has been done.
#  Last modified 2023-02-13 13:03:50
#  File has been updated.
#  Successfully updated.
# variable set hash-table stats:
# Load=0/32=0%, Rehash=0, Collisions=0/0=0%

# Not a target:
sources/lodev.c:
#  Implicit rule search has been done.
#  Last modified 2023-02-12 13:45:20
#  File has been updated.
#  Successfully updated.
# variable set hash-table stats:
# Load=0/32=0%, Rehash=0, Collisions=0/0=0%

# Not a target:
includes/minimap.h:
#  Implicit rule search has been done.
#  Last modified 2023-02-13 12:36:10
#  File has been updated.
#  Successfully updated.
# variable set hash-table stats:
# Load=0/32=0%, Rehash=0, Collisions=0/0=0%

sources/hooks.o: sources/hooks.c includes/minimap.h
#  Implicit rule search has been done.
#  Implicit/static pattern stem: `sources/hooks'
#  Last modified 2023-02-13 13:03:55
#  File has been updated.
#  Successfully updated.
# variable set hash-table stats:
# Load=0/32=0%, Rehash=0, Collisions=0/0=0%
#  commands to execute (from `Makefile', line 38):
	$(CC) $(FLAGS) -o $@ -c $< 
	

map: MLX42/libmlx42.a sources/parsing.o sources/main.o sources/lodev.o sources/drawing.o sources/hooks.o sources/helper.o sources/minimap.o
#  Implicit rule search has not been done.
#  File does not exist.
#  File has been updated.
#  Needs to be updated (-q is set).
# variable set hash-table stats:
# Load=0/32=0%, Rehash=0, Collisions=0/4=0%
#  commands to execute (from `Makefile', line 43):
	$(CC) $(MINILIBX) $(OBJ) -o ${NAME} $(LIBRARIES) -fsanitize=address -Ofast
	@echo $(GREEN) "Compilation done"
	

fclean: clean
#  Implicit rule search has not been done.
#  Modification time never checked.
#  File has not been updated.
#  commands to execute (from `Makefile', line 53):
	rm -rf $(NAME) $(MINILIBX)
	$(MAKE) -sC $(MINILIBX_DIRECTORY) clean
	@echo ${GREEN}"$(NAME) : nadafa mina l iman ..."
	

sources/main.o: sources/main.c includes/minimap.h
#  Implicit rule search has been done.
#  Implicit/static pattern stem: `sources/main'
#  Last modified 2023-02-13 13:03:55
#  File has been updated.
#  Successfully updated.
# variable set hash-table stats:
# Load=0/32=0%, Rehash=0, Collisions=0/0=0%
#  commands to execute (from `Makefile', line 38):
	$(CC) $(FLAGS) -o $@ -c $< 
	

sources/drawing.o: sources/drawing.c includes/minimap.h
#  Implicit rule search has been done.
#  Implicit/static pattern stem: `sources/drawing'
#  Last modified 2023-02-13 13:03:55
#  File has been updated.
#  Successfully updated.
# variable set hash-table stats:
# Load=0/32=0%, Rehash=0, Collisions=0/0=0%
#  commands to execute (from `Makefile', line 38):
	$(CC) $(FLAGS) -o $@ -c $< 
	

sources/parsing.o: sources/parsing.c includes/minimap.h
#  Implicit rule search has been done.
#  Implicit/static pattern stem: `sources/parsing'
#  Last modified 2023-02-13 13:03:55
 
#  File has been updated.
#  Successfully updated.
# variable set hash-table stats:
# Load=0/32=0%, Rehash=0, Collisions=0/0=0%
#  commands to execute (from `Makefile', line 38):
	$(CC) $(FLAGS) -o $@ -c $< 
	

# Not a target:
.DEFAULT:
#  Implicit rule search has not been done.
#  Modification time never checked.
#  File has not been updated.

sources/minimap.o: sources/minimap.c includes/minimap.h
#  Implicit rule search has been done.
#  Implicit/static pattern stem: `sources/minimap'
#  File does not exist.
#  File has been updated.
#  Needs to be updated (-q is set).
# automatic
# @ := sources/minimap.o
# automatic
# % := 
# automatic
# * := sources/minimap
# automatic
# + := sources/minimap.c includes/minimap.h
# automatic
# | := 
# automatic
# < := sources/minimap.c
# automatic
# ^ := sources/minimap.c includes/minimap.h
# automatic
# ? := sources/minimap.c includes/minimap.h
# variable set hash-table stats:
# Load=8/32=25%, Rehash=0, Collisions=1/14=7%
#  commands to execute (from `Makefile', line 38):
	$(CC) $(FLAGS) -o $@ -c $< 
	

re: fclean all
#  Implicit rule search has not been done.
#  Modification time never checked.
#  File has not been updated.

clean:
#  Implicit rule search has not been done.
#  Modification time never checked.
#  File has not been updated.
#  commands to execute (from `Makefile', line 50):
	rm -rf $(OBJ)
	

# Not a target:
sources/hooks.c:
#  Implicit rule search has been done.
#  Last modified 2023-02-11 14:53:34
#  File has been updated.
#  Successfully updated.
# variable set hash-table stats:
# Load=0/32=0%, Rehash=0, Collisions=0/0=0%

sources/helper.o: sources/helper.c includes/minimap.h
#  Implicit rule search has been done.
#  Implicit/static pattern stem: `sources/helper'
#  Last modified 2023-02-13 13:03:55
#  File has been updated.
#  Successfully updated.
# variable set hash-table stats:
# Load=0/32=0%, Rehash=0, Collisions=0/0=0%
#  commands to execute (from `Makefile', line 38):
	$(CC) $(FLAGS) -o $@ -c $< 
	

# Not a target:
sources/main.c:
#  Implicit rule search has been done.
#  Last modified 2023-01-31 11:43:08
#  File has been updated.
#  Successfully updated.
# variable set hash-table stats:
# Load=0/32=0%, Rehash=0, Collisions=0/0=0%

# Not a target:
sources/drawing.c:
#  Implicit rule search has been done.
#  Last modified 2023-02-13 12:36:07
#  File has been updated.
#  Successfully updated.
# variable set hash-table stats:
# Load=0/32=0%, Rehash=0, Collisions=0/0=0%

# Not a target:
sources/parsing.c:
#  Implicit rule search has been done.
#  Last modified 2023-02-11 15:17:29
#  File has been updated.
#  Successfully updated.
# variable set hash-table stats:
# Load=0/32=0%, Rehash=0, Collisions=0/0=0%

# Not a target:
sources/minimap.c:
#  Implicit rule search has been done.
#  Last modified 2023-02-13 13:03:31
#  File has been updated.
#  Successfully updated.
# variable set hash-table stats:
# Load=0/32=0%, Rehash=0, Collisions=0/0=0%

sources/lodev.o: sources/lodev.c includes/minimap.h
#  Implicit rule search has been done.
#  Implicit/static pattern stem: `sources/lodev'
#  Last modified 2023-02-13 13:03:55
#  File has been updated.
#  Successfully updated.
# variable set hash-table stats:
# Load=0/32=0%, Rehash=0, Collisions=0/0=0%
#  commands to execute (from `Makefile', line 38):
	$(CC) $(FLAGS) -o $@ -c $< 
	

# files hash-table stats:
# Load=24/1024=2%, Rehash=0, Collisions=0/84=0%
# VPATH Search Paths

# No `vpath' search paths.

# No general (`VPATH' variable) search path.

# # of strings in strcache: 1
# # of strcache buffers: 1
# strcache size: total = 4096 / max = 4096 / min = 4096 / avg = 4096
# strcache free: total = 4087 / max = 4087 / min = 4087 / avg = 4087

# Finished Make data base on Mon Feb 13 13:03:58 2023

 
